{"C:\\Users\\Yousef AL-Korashy\\Desktop\\projects\\vidly\\index.js": {"path":"C:\\Users\\Yousef AL-Korashy\\Desktop\\projects\\vidly\\index.js","statementMap":{"0":{"start":{"line":1,"column":16},"end":{"line":1,"column":34}},"1":{"start":{"line":2,"column":16},"end":{"line":2,"column":34}},"2":{"start":{"line":3,"column":18},"end":{"line":3,"column":36}},"3":{"start":{"line":4,"column":12},"end":{"line":4,"column":21}},"4":{"start":{"line":8,"column":0},"end":{"line":8,"column":31}},"5":{"start":{"line":9,"column":0},"end":{"line":9,"column":33}},"6":{"start":{"line":10,"column":15},"end":{"line":10,"column":42}},"7":{"start":{"line":11,"column":0},"end":{"line":11,"column":26}},"8":{"start":{"line":12,"column":0},"end":{"line":12,"column":30}},"9":{"start":{"line":13,"column":0},"end":{"line":13,"column":34}},"10":{"start":{"line":15,"column":0},"end":{"line":15,"column":68}},"11":{"start":{"line":15,"column":23},"end":{"line":15,"column":66}},"12":{"start":{"line":16,"column":0},"end":{"line":16,"column":20}}},"fnMap":{"0":{"name":"(anonymous_0)","decl":{"start":{"line":15,"column":17},"end":{"line":15,"column":18}},"loc":{"start":{"line":15,"column":22},"end":{"line":15,"column":67}},"line":15}},"branchMap":{},"s":{"0":2,"1":2,"2":2,"3":2,"4":2,"5":2,"6":2,"7":2,"8":2,"9":2,"10":2,"11":0,"12":2},"f":{"0":0},"b":{},"_coverageSchema":"1a1c01bbd47fc00a2c39e90264f33305004495a9","hash":"3f8a27b8a4211d445218dc600ab19e9638dfb42c"}
,"C:\\Users\\Yousef AL-Korashy\\Desktop\\projects\\vidly\\midleware\\admin.js": {"path":"C:\\Users\\Yousef AL-Korashy\\Desktop\\projects\\vidly\\midleware\\admin.js","statementMap":{"0":{"start":{"line":1,"column":0},"end":{"line":4,"column":1}},"1":{"start":{"line":2,"column":4},"end":{"line":2,"column":72}},"2":{"start":{"line":2,"column":27},"end":{"line":2,"column":72}},"3":{"start":{"line":3,"column":4},"end":{"line":3,"column":10}}},"fnMap":{"0":{"name":"(anonymous_0)","decl":{"start":{"line":1,"column":17},"end":{"line":1,"column":18}},"loc":{"start":{"line":1,"column":43},"end":{"line":4,"column":1}},"line":1}},"branchMap":{"0":{"loc":{"start":{"line":2,"column":4},"end":{"line":2,"column":72}},"type":"if","locations":[{"start":{"line":2,"column":4},"end":{"line":2,"column":72}},{"start":{},"end":{}}],"line":2}},"s":{"0":2,"1":0,"2":0,"3":0},"f":{"0":0},"b":{"0":[0,0]},"_coverageSchema":"1a1c01bbd47fc00a2c39e90264f33305004495a9","hash":"cc6d096cc3698bdd468378d38e8ff8e487bcd9a4"}
,"C:\\Users\\Yousef AL-Korashy\\Desktop\\projects\\vidly\\midleware\\auth.js": {"path":"C:\\Users\\Yousef AL-Korashy\\Desktop\\projects\\vidly\\midleware\\auth.js","statementMap":{"0":{"start":{"line":1,"column":12},"end":{"line":1,"column":35}},"1":{"start":{"line":2,"column":15},"end":{"line":2,"column":32}},"2":{"start":{"line":3,"column":0},"end":{"line":15,"column":1}},"3":{"start":{"line":4,"column":18},"end":{"line":4,"column":44}},"4":{"start":{"line":5,"column":4},"end":{"line":5,"column":78}},"5":{"start":{"line":5,"column":16},"end":{"line":5,"column":78}},"6":{"start":{"line":6,"column":4},"end":{"line":14,"column":5}},"7":{"start":{"line":8,"column":24},"end":{"line":8,"column":70}},"8":{"start":{"line":9,"column":8},"end":{"line":9,"column":26}},"9":{"start":{"line":10,"column":8},"end":{"line":10,"column":14}},"10":{"start":{"line":13,"column":8},"end":{"line":13,"column":45}}},"fnMap":{"0":{"name":"auth","decl":{"start":{"line":3,"column":26},"end":{"line":3,"column":30}},"loc":{"start":{"line":3,"column":47},"end":{"line":15,"column":1}},"line":3}},"branchMap":{"0":{"loc":{"start":{"line":5,"column":4},"end":{"line":5,"column":78}},"type":"if","locations":[{"start":{"line":5,"column":4},"end":{"line":5,"column":78}},{"start":{},"end":{}}],"line":5}},"s":{"0":3,"1":3,"2":3,"3":16,"4":16,"5":2,"6":14,"7":14,"8":14,"9":14,"10":0},"f":{"0":16},"b":{"0":[2,14]},"_coverageSchema":"1a1c01bbd47fc00a2c39e90264f33305004495a9","hash":"6c5274fe9e571ecb886bebd4937df8a03a4a5add"}
,"C:\\Users\\Yousef AL-Korashy\\Desktop\\projects\\vidly\\midleware\\error.js": {"path":"C:\\Users\\Yousef AL-Korashy\\Desktop\\projects\\vidly\\midleware\\error.js","statementMap":{"0":{"start":{"line":1,"column":16},"end":{"line":1,"column":34}},"1":{"start":{"line":3,"column":0},"end":{"line":6,"column":1}},"2":{"start":{"line":4,"column":3},"end":{"line":4,"column":33}},"3":{"start":{"line":5,"column":3},"end":{"line":5,"column":50}}},"fnMap":{"0":{"name":"(anonymous_0)","decl":{"start":{"line":3,"column":18},"end":{"line":3,"column":19}},"loc":{"start":{"line":3,"column":44},"end":{"line":6,"column":1}},"line":3}},"branchMap":{},"s":{"0":2,"1":2,"2":0,"3":0},"f":{"0":0},"b":{},"_coverageSchema":"1a1c01bbd47fc00a2c39e90264f33305004495a9","hash":"428fc6a919cbe0041cbe2b14e9bf9888e7d3a3d2"}
,"C:\\Users\\Yousef AL-Korashy\\Desktop\\projects\\vidly\\midleware\\validate.js": {"path":"C:\\Users\\Yousef AL-Korashy\\Desktop\\projects\\vidly\\midleware\\validate.js","statementMap":{"0":{"start":{"line":1,"column":0},"end":{"line":7,"column":1}},"1":{"start":{"line":2,"column":4},"end":{"line":6,"column":5}},"2":{"start":{"line":3,"column":24},"end":{"line":3,"column":43}},"3":{"start":{"line":4,"column":8},"end":{"line":4,"column":72}},"4":{"start":{"line":4,"column":19},"end":{"line":4,"column":72}},"5":{"start":{"line":5,"column":8},"end":{"line":5,"column":14}}},"fnMap":{"0":{"name":"(anonymous_0)","decl":{"start":{"line":1,"column":17},"end":{"line":1,"column":18}},"loc":{"start":{"line":1,"column":32},"end":{"line":7,"column":1}},"line":1},"1":{"name":"(anonymous_1)","decl":{"start":{"line":2,"column":12},"end":{"line":2,"column":13}},"loc":{"start":{"line":2,"column":32},"end":{"line":6,"column":5}},"line":2}},"branchMap":{"0":{"loc":{"start":{"line":4,"column":8},"end":{"line":4,"column":72}},"type":"if","locations":[{"start":{"line":4,"column":8},"end":{"line":4,"column":72}},{"start":{},"end":{}}],"line":4}},"s":{"0":2,"1":2,"2":9,"3":9,"4":2,"5":7},"f":{"0":2,"1":9},"b":{"0":[2,7]},"_coverageSchema":"1a1c01bbd47fc00a2c39e90264f33305004495a9","hash":"c88d2ffbda9c357c448ac6e8a63ddd58a98c8b93"}
,"C:\\Users\\Yousef AL-Korashy\\Desktop\\projects\\vidly\\midleware\\validateObjectId.js": {"path":"C:\\Users\\Yousef AL-Korashy\\Desktop\\projects\\vidly\\midleware\\validateObjectId.js","statementMap":{"0":{"start":{"line":1,"column":17},"end":{"line":1,"column":36}},"1":{"start":{"line":2,"column":0},"end":{"line":7,"column":1}},"2":{"start":{"line":4,"column":4},"end":{"line":5,"column":49}},"3":{"start":{"line":5,"column":8},"end":{"line":5,"column":49}},"4":{"start":{"line":6,"column":4},"end":{"line":6,"column":10}}},"fnMap":{"0":{"name":"(anonymous_0)","decl":{"start":{"line":2,"column":17},"end":{"line":2,"column":18}},"loc":{"start":{"line":2,"column":43},"end":{"line":7,"column":1}},"line":2}},"branchMap":{"0":{"loc":{"start":{"line":4,"column":4},"end":{"line":5,"column":49}},"type":"if","locations":[{"start":{"line":4,"column":4},"end":{"line":5,"column":49}},{"start":{},"end":{}}],"line":4}},"s":{"0":2,"1":2,"2":1,"3":1,"4":0},"f":{"0":1},"b":{"0":[1,0]},"_coverageSchema":"1a1c01bbd47fc00a2c39e90264f33305004495a9","hash":"3641c4d68fc66791d77a1a15be80b5ed07666ed3"}
,"C:\\Users\\Yousef AL-Korashy\\Desktop\\projects\\vidly\\route\\Customer.js": {"path":"C:\\Users\\Yousef AL-Korashy\\Desktop\\projects\\vidly\\route\\Customer.js","statementMap":{"0":{"start":{"line":1,"column":35},"end":{"line":1,"column":70}},"1":{"start":{"line":2,"column":16},"end":{"line":2,"column":34}},"2":{"start":{"line":3,"column":15},"end":{"line":3,"column":31}},"3":{"start":{"line":4,"column":0},"end":{"line":7,"column":2}},"4":{"start":{"line":5,"column":21},"end":{"line":5,"column":60}},"5":{"start":{"line":6,"column":4},"end":{"line":6,"column":22}},"6":{"start":{"line":8,"column":0},"end":{"line":20,"column":2}},"7":{"start":{"line":9,"column":19},"end":{"line":9,"column":41}},"8":{"start":{"line":10,"column":4},"end":{"line":12,"column":5}},"9":{"start":{"line":11,"column":8},"end":{"line":11,"column":61}},"10":{"start":{"line":13,"column":19},"end":{"line":17,"column":7}},"11":{"start":{"line":18,"column":4},"end":{"line":18,"column":36}},"12":{"start":{"line":19,"column":4},"end":{"line":19,"column":22}},"13":{"start":{"line":21,"column":0},"end":{"line":29,"column":2}},"14":{"start":{"line":22,"column":19},"end":{"line":22,"column":41}},"15":{"start":{"line":23,"column":4},"end":{"line":25,"column":5}},"16":{"start":{"line":24,"column":8},"end":{"line":24,"column":61}},"17":{"start":{"line":26,"column":4},"end":{"line":26,"column":102}},"18":{"start":{"line":27,"column":4},"end":{"line":27,"column":50}},"19":{"start":{"line":27,"column":16},"end":{"line":27,"column":50}},"20":{"start":{"line":28,"column":4},"end":{"line":28,"column":19}},"21":{"start":{"line":30,"column":0},"end":{"line":35,"column":2}},"22":{"start":{"line":31,"column":21},"end":{"line":31,"column":68}},"23":{"start":{"line":32,"column":4},"end":{"line":32,"column":91}},"24":{"start":{"line":32,"column":19},"end":{"line":32,"column":91}},"25":{"start":{"line":33,"column":4},"end":{"line":33,"column":22}},"26":{"start":{"line":36,"column":0},"end":{"line":40,"column":2}},"27":{"start":{"line":37,"column":21},"end":{"line":37,"column":59}},"28":{"start":{"line":38,"column":4},"end":{"line":38,"column":88}},"29":{"start":{"line":38,"column":19},"end":{"line":38,"column":88}},"30":{"start":{"line":39,"column":4},"end":{"line":39,"column":22}},"31":{"start":{"line":41,"column":0},"end":{"line":41,"column":23}}},"fnMap":{"0":{"name":"(anonymous_0)","decl":{"start":{"line":4,"column":16},"end":{"line":4,"column":17}},"loc":{"start":{"line":4,"column":36},"end":{"line":7,"column":1}},"line":4},"1":{"name":"(anonymous_1)","decl":{"start":{"line":8,"column":17},"end":{"line":8,"column":18}},"loc":{"start":{"line":8,"column":37},"end":{"line":20,"column":1}},"line":8},"2":{"name":"(anonymous_2)","decl":{"start":{"line":21,"column":19},"end":{"line":21,"column":20}},"loc":{"start":{"line":21,"column":39},"end":{"line":29,"column":1}},"line":21},"3":{"name":"(anonymous_3)","decl":{"start":{"line":30,"column":22},"end":{"line":30,"column":23}},"loc":{"start":{"line":30,"column":42},"end":{"line":35,"column":1}},"line":30},"4":{"name":"(anonymous_4)","decl":{"start":{"line":36,"column":19},"end":{"line":36,"column":20}},"loc":{"start":{"line":36,"column":39},"end":{"line":40,"column":1}},"line":36}},"branchMap":{"0":{"loc":{"start":{"line":10,"column":4},"end":{"line":12,"column":5}},"type":"if","locations":[{"start":{"line":10,"column":4},"end":{"line":12,"column":5}},{"start":{},"end":{}}],"line":10},"1":{"loc":{"start":{"line":23,"column":4},"end":{"line":25,"column":5}},"type":"if","locations":[{"start":{"line":23,"column":4},"end":{"line":25,"column":5}},{"start":{},"end":{}}],"line":23},"2":{"loc":{"start":{"line":27,"column":4},"end":{"line":27,"column":50}},"type":"if","locations":[{"start":{"line":27,"column":4},"end":{"line":27,"column":50}},{"start":{},"end":{}}],"line":27},"3":{"loc":{"start":{"line":32,"column":4},"end":{"line":32,"column":91}},"type":"if","locations":[{"start":{"line":32,"column":4},"end":{"line":32,"column":91}},{"start":{},"end":{}}],"line":32},"4":{"loc":{"start":{"line":38,"column":4},"end":{"line":38,"column":88}},"type":"if","locations":[{"start":{"line":38,"column":4},"end":{"line":38,"column":88}},{"start":{},"end":{}}],"line":38}},"s":{"0":2,"1":2,"2":2,"3":2,"4":0,"5":0,"6":2,"7":0,"8":0,"9":0,"10":0,"11":0,"12":0,"13":2,"14":0,"15":0,"16":0,"17":0,"18":0,"19":0,"20":0,"21":2,"22":0,"23":0,"24":0,"25":0,"26":2,"27":0,"28":0,"29":0,"30":0,"31":2},"f":{"0":0,"1":0,"2":0,"3":0,"4":0},"b":{"0":[0,0],"1":[0,0],"2":[0,0],"3":[0,0],"4":[0,0]},"_coverageSchema":"1a1c01bbd47fc00a2c39e90264f33305004495a9","hash":"86e20351696b5765ff89fae750a02337df350b63"}
,"C:\\Users\\Yousef AL-Korashy\\Desktop\\projects\\vidly\\route\\Gener.js": {"path":"C:\\Users\\Yousef AL-Korashy\\Desktop\\projects\\vidly\\route\\Gener.js","statementMap":{"0":{"start":{"line":1,"column":25},"end":{"line":1,"column":65}},"1":{"start":{"line":2,"column":13},"end":{"line":2,"column":41}},"2":{"start":{"line":3,"column":14},"end":{"line":3,"column":43}},"3":{"start":{"line":4,"column":10},"end":{"line":4,"column":27}},"4":{"start":{"line":5,"column":36},"end":{"line":5,"column":68}},"5":{"start":{"line":6,"column":16},"end":{"line":6,"column":34}},"6":{"start":{"line":7,"column":30},"end":{"line":7,"column":49}},"7":{"start":{"line":8,"column":15},"end":{"line":8,"column":31}},"8":{"start":{"line":9,"column":0},"end":{"line":15,"column":2}},"9":{"start":{"line":11,"column":18},"end":{"line":11,"column":54}},"10":{"start":{"line":12,"column":4},"end":{"line":12,"column":65}},"11":{"start":{"line":12,"column":14},"end":{"line":12,"column":65}},"12":{"start":{"line":13,"column":4},"end":{"line":13,"column":31}},"13":{"start":{"line":17,"column":0},"end":{"line":26,"column":2}},"14":{"start":{"line":18,"column":22},"end":{"line":18,"column":48}},"15":{"start":{"line":19,"column":4},"end":{"line":19,"column":68}},"16":{"start":{"line":19,"column":15},"end":{"line":19,"column":68}},"17":{"start":{"line":21,"column":16},"end":{"line":21,"column":50}},"18":{"start":{"line":22,"column":4},"end":{"line":22,"column":30}},"19":{"start":{"line":23,"column":18},"end":{"line":23,"column":43}},"20":{"start":{"line":24,"column":4},"end":{"line":24,"column":74}},"21":{"start":{"line":27,"column":0},"end":{"line":38,"column":2}},"22":{"start":{"line":28,"column":19},"end":{"line":28,"column":45}},"23":{"start":{"line":29,"column":4},"end":{"line":31,"column":5}},"24":{"start":{"line":30,"column":8},"end":{"line":30,"column":61}},"25":{"start":{"line":32,"column":18},"end":{"line":35,"column":21}},"26":{"start":{"line":36,"column":4},"end":{"line":36,"column":71}},"27":{"start":{"line":36,"column":16},"end":{"line":36,"column":71}},"28":{"start":{"line":37,"column":4},"end":{"line":37,"column":19}},"29":{"start":{"line":39,"column":0},"end":{"line":43,"column":2}},"30":{"start":{"line":40,"column":18},"end":{"line":40,"column":62}},"31":{"start":{"line":41,"column":4},"end":{"line":41,"column":68}},"32":{"start":{"line":41,"column":16},"end":{"line":41,"column":68}},"33":{"start":{"line":42,"column":4},"end":{"line":42,"column":19}},"34":{"start":{"line":44,"column":0},"end":{"line":49,"column":2}},"35":{"start":{"line":46,"column":18},"end":{"line":46,"column":53}},"36":{"start":{"line":47,"column":4},"end":{"line":47,"column":66}},"37":{"start":{"line":47,"column":16},"end":{"line":47,"column":66}},"38":{"start":{"line":48,"column":4},"end":{"line":48,"column":31}},"39":{"start":{"line":50,"column":0},"end":{"line":50,"column":23}}},"fnMap":{"0":{"name":"(anonymous_0)","decl":{"start":{"line":9,"column":16},"end":{"line":9,"column":17}},"loc":{"start":{"line":9,"column":36},"end":{"line":15,"column":1}},"line":9},"1":{"name":"(anonymous_1)","decl":{"start":{"line":17,"column":23},"end":{"line":17,"column":24}},"loc":{"start":{"line":17,"column":43},"end":{"line":26,"column":1}},"line":17},"2":{"name":"(anonymous_2)","decl":{"start":{"line":27,"column":19},"end":{"line":27,"column":20}},"loc":{"start":{"line":27,"column":39},"end":{"line":38,"column":1}},"line":27},"3":{"name":"(anonymous_3)","decl":{"start":{"line":39,"column":37},"end":{"line":39,"column":38}},"loc":{"start":{"line":39,"column":57},"end":{"line":43,"column":1}},"line":39},"4":{"name":"(anonymous_4)","decl":{"start":{"line":44,"column":37},"end":{"line":44,"column":38}},"loc":{"start":{"line":44,"column":57},"end":{"line":49,"column":1}},"line":44}},"branchMap":{"0":{"loc":{"start":{"line":12,"column":4},"end":{"line":12,"column":65}},"type":"if","locations":[{"start":{"line":12,"column":4},"end":{"line":12,"column":65}},{"start":{},"end":{}}],"line":12},"1":{"loc":{"start":{"line":19,"column":4},"end":{"line":19,"column":68}},"type":"if","locations":[{"start":{"line":19,"column":4},"end":{"line":19,"column":68}},{"start":{},"end":{}}],"line":19},"2":{"loc":{"start":{"line":29,"column":4},"end":{"line":31,"column":5}},"type":"if","locations":[{"start":{"line":29,"column":4},"end":{"line":31,"column":5}},{"start":{},"end":{}}],"line":29},"3":{"loc":{"start":{"line":36,"column":4},"end":{"line":36,"column":71}},"type":"if","locations":[{"start":{"line":36,"column":4},"end":{"line":36,"column":71}},{"start":{},"end":{}}],"line":36},"4":{"loc":{"start":{"line":41,"column":4},"end":{"line":41,"column":68}},"type":"if","locations":[{"start":{"line":41,"column":4},"end":{"line":41,"column":68}},{"start":{},"end":{}}],"line":41},"5":{"loc":{"start":{"line":47,"column":4},"end":{"line":47,"column":66}},"type":"if","locations":[{"start":{"line":47,"column":4},"end":{"line":47,"column":66}},{"start":{},"end":{}}],"line":47}},"s":{"0":2,"1":2,"2":2,"3":2,"4":2,"5":2,"6":2,"7":2,"8":2,"9":1,"10":1,"11":0,"12":1,"13":2,"14":4,"15":4,"16":2,"17":2,"18":2,"19":2,"20":2,"21":2,"22":0,"23":0,"24":0,"25":0,"26":0,"27":0,"28":0,"29":2,"30":0,"31":0,"32":0,"33":0,"34":2,"35":0,"36":0,"37":0,"38":0,"39":2},"f":{"0":1,"1":4,"2":0,"3":0,"4":0},"b":{"0":[0,1],"1":[2,2],"2":[0,0],"3":[0,0],"4":[0,0],"5":[0,0]},"_coverageSchema":"1a1c01bbd47fc00a2c39e90264f33305004495a9","hash":"6a10a513995163cb7a0bd226c33d296d41fd729e"}
,"C:\\Users\\Yousef AL-Korashy\\Desktop\\projects\\vidly\\route\\Movies.js": {"path":"C:\\Users\\Yousef AL-Korashy\\Desktop\\projects\\vidly\\route\\Movies.js","statementMap":{"0":{"start":{"line":1,"column":18},"end":{"line":1,"column":50}},"1":{"start":{"line":2,"column":33},"end":{"line":2,"column":65}},"2":{"start":{"line":3,"column":16},"end":{"line":3,"column":34}},"3":{"start":{"line":4,"column":15},"end":{"line":4,"column":31}},"4":{"start":{"line":5,"column":0},"end":{"line":8,"column":2}},"5":{"start":{"line":6,"column":18},"end":{"line":6,"column":54}},"6":{"start":{"line":7,"column":4},"end":{"line":7,"column":19}},"7":{"start":{"line":9,"column":0},"end":{"line":26,"column":2}},"8":{"start":{"line":10,"column":22},"end":{"line":10,"column":45}},"9":{"start":{"line":11,"column":4},"end":{"line":11,"column":68}},"10":{"start":{"line":11,"column":15},"end":{"line":11,"column":68}},"11":{"start":{"line":12,"column":18},"end":{"line":12,"column":56}},"12":{"start":{"line":13,"column":4},"end":{"line":13,"column":66}},"13":{"start":{"line":13,"column":16},"end":{"line":13,"column":66}},"14":{"start":{"line":14,"column":16},"end":{"line":22,"column":6}},"15":{"start":{"line":23,"column":19},"end":{"line":23,"column":37}},"16":{"start":{"line":24,"column":4},"end":{"line":24,"column":20}},"17":{"start":{"line":27,"column":0},"end":{"line":33,"column":2}},"18":{"start":{"line":28,"column":22},"end":{"line":28,"column":45}},"19":{"start":{"line":29,"column":4},"end":{"line":29,"column":68}},"20":{"start":{"line":29,"column":15},"end":{"line":29,"column":68}},"21":{"start":{"line":30,"column":18},"end":{"line":30,"column":62}},"22":{"start":{"line":31,"column":4},"end":{"line":31,"column":69}},"23":{"start":{"line":31,"column":16},"end":{"line":31,"column":69}},"24":{"start":{"line":32,"column":4},"end":{"line":32,"column":19}},"25":{"start":{"line":34,"column":0},"end":{"line":39,"column":2}},"26":{"start":{"line":35,"column":18},"end":{"line":35,"column":56}},"27":{"start":{"line":36,"column":4},"end":{"line":36,"column":66}},"28":{"start":{"line":36,"column":16},"end":{"line":36,"column":66}},"29":{"start":{"line":37,"column":4},"end":{"line":37,"column":19}},"30":{"start":{"line":40,"column":0},"end":{"line":44,"column":2}},"31":{"start":{"line":41,"column":18},"end":{"line":41,"column":47}},"32":{"start":{"line":42,"column":4},"end":{"line":42,"column":66}},"33":{"start":{"line":42,"column":16},"end":{"line":42,"column":66}},"34":{"start":{"line":43,"column":4},"end":{"line":43,"column":19}},"35":{"start":{"line":45,"column":0},"end":{"line":45,"column":23}}},"fnMap":{"0":{"name":"(anonymous_0)","decl":{"start":{"line":5,"column":16},"end":{"line":5,"column":17}},"loc":{"start":{"line":5,"column":36},"end":{"line":8,"column":1}},"line":5},"1":{"name":"(anonymous_1)","decl":{"start":{"line":9,"column":17},"end":{"line":9,"column":18}},"loc":{"start":{"line":9,"column":37},"end":{"line":26,"column":1}},"line":9},"2":{"name":"(anonymous_2)","decl":{"start":{"line":27,"column":19},"end":{"line":27,"column":20}},"loc":{"start":{"line":27,"column":39},"end":{"line":33,"column":1}},"line":27},"3":{"name":"(anonymous_3)","decl":{"start":{"line":34,"column":22},"end":{"line":34,"column":23}},"loc":{"start":{"line":34,"column":42},"end":{"line":39,"column":1}},"line":34},"4":{"name":"(anonymous_4)","decl":{"start":{"line":40,"column":19},"end":{"line":40,"column":20}},"loc":{"start":{"line":40,"column":39},"end":{"line":44,"column":1}},"line":40}},"branchMap":{"0":{"loc":{"start":{"line":11,"column":4},"end":{"line":11,"column":68}},"type":"if","locations":[{"start":{"line":11,"column":4},"end":{"line":11,"column":68}},{"start":{},"end":{}}],"line":11},"1":{"loc":{"start":{"line":13,"column":4},"end":{"line":13,"column":66}},"type":"if","locations":[{"start":{"line":13,"column":4},"end":{"line":13,"column":66}},{"start":{},"end":{}}],"line":13},"2":{"loc":{"start":{"line":29,"column":4},"end":{"line":29,"column":68}},"type":"if","locations":[{"start":{"line":29,"column":4},"end":{"line":29,"column":68}},{"start":{},"end":{}}],"line":29},"3":{"loc":{"start":{"line":31,"column":4},"end":{"line":31,"column":69}},"type":"if","locations":[{"start":{"line":31,"column":4},"end":{"line":31,"column":69}},{"start":{},"end":{}}],"line":31},"4":{"loc":{"start":{"line":36,"column":4},"end":{"line":36,"column":66}},"type":"if","locations":[{"start":{"line":36,"column":4},"end":{"line":36,"column":66}},{"start":{},"end":{}}],"line":36},"5":{"loc":{"start":{"line":42,"column":4},"end":{"line":42,"column":66}},"type":"if","locations":[{"start":{"line":42,"column":4},"end":{"line":42,"column":66}},{"start":{},"end":{}}],"line":42}},"s":{"0":2,"1":2,"2":2,"3":2,"4":2,"5":0,"6":0,"7":2,"8":0,"9":0,"10":0,"11":0,"12":0,"13":0,"14":0,"15":0,"16":0,"17":2,"18":0,"19":0,"20":0,"21":0,"22":0,"23":0,"24":0,"25":2,"26":0,"27":0,"28":0,"29":0,"30":2,"31":0,"32":0,"33":0,"34":0,"35":2},"f":{"0":0,"1":0,"2":0,"3":0,"4":0},"b":{"0":[0,0],"1":[0,0],"2":[0,0],"3":[0,0],"4":[0,0],"5":[0,0]},"_coverageSchema":"1a1c01bbd47fc00a2c39e90264f33305004495a9","hash":"4b63178476eae29edcd66ff0521d408506ec49ae"}
,"C:\\Users\\Yousef AL-Korashy\\Desktop\\projects\\vidly\\route\\Rentals.js": {"path":"C:\\Users\\Yousef AL-Korashy\\Desktop\\projects\\vidly\\route\\Rentals.js","statementMap":{"0":{"start":{"line":1,"column":16},"end":{"line":1,"column":34}},"1":{"start":{"line":2,"column":15},"end":{"line":2,"column":31}},"2":{"start":{"line":3,"column":35},"end":{"line":3,"column":68}},"3":{"start":{"line":4,"column":21},"end":{"line":4,"column":56}},"4":{"start":{"line":5,"column":18},"end":{"line":5,"column":50}},"5":{"start":{"line":6,"column":17},"end":{"line":6,"column":36}},"6":{"start":{"line":8,"column":13},"end":{"line":8,"column":28}},"7":{"start":{"line":9,"column":0},"end":{"line":9,"column":38}},"8":{"start":{"line":10,"column":0},"end":{"line":13,"column":2}},"9":{"start":{"line":11,"column":19},"end":{"line":11,"column":60}},"10":{"start":{"line":12,"column":4},"end":{"line":12,"column":20}},"11":{"start":{"line":14,"column":0},"end":{"line":45,"column":2}},"12":{"start":{"line":15,"column":22},"end":{"line":15,"column":46}},"13":{"start":{"line":16,"column":4},"end":{"line":16,"column":68}},"14":{"start":{"line":16,"column":15},"end":{"line":16,"column":68}},"15":{"start":{"line":17,"column":21},"end":{"line":17,"column":65}},"16":{"start":{"line":18,"column":4},"end":{"line":18,"column":71}},"17":{"start":{"line":18,"column":19},"end":{"line":18,"column":71}},"18":{"start":{"line":19,"column":18},"end":{"line":19,"column":56}},"19":{"start":{"line":20,"column":4},"end":{"line":20,"column":68}},"20":{"start":{"line":20,"column":16},"end":{"line":20,"column":68}},"21":{"start":{"line":21,"column":17},"end":{"line":32,"column":6}},"22":{"start":{"line":33,"column":4},"end":{"line":44,"column":5}},"23":{"start":{"line":34,"column":8},"end":{"line":40,"column":19}},"24":{"start":{"line":41,"column":8},"end":{"line":41,"column":24}},"25":{"start":{"line":43,"column":8},"end":{"line":43,"column":47}},"26":{"start":{"line":46,"column":0},"end":{"line":46,"column":23}}},"fnMap":{"0":{"name":"(anonymous_0)","decl":{"start":{"line":10,"column":16},"end":{"line":10,"column":17}},"loc":{"start":{"line":10,"column":36},"end":{"line":13,"column":1}},"line":10},"1":{"name":"(anonymous_1)","decl":{"start":{"line":14,"column":17},"end":{"line":14,"column":18}},"loc":{"start":{"line":14,"column":37},"end":{"line":45,"column":1}},"line":14}},"branchMap":{"0":{"loc":{"start":{"line":16,"column":4},"end":{"line":16,"column":68}},"type":"if","locations":[{"start":{"line":16,"column":4},"end":{"line":16,"column":68}},{"start":{},"end":{}}],"line":16},"1":{"loc":{"start":{"line":18,"column":4},"end":{"line":18,"column":71}},"type":"if","locations":[{"start":{"line":18,"column":4},"end":{"line":18,"column":71}},{"start":{},"end":{}}],"line":18},"2":{"loc":{"start":{"line":20,"column":4},"end":{"line":20,"column":68}},"type":"if","locations":[{"start":{"line":20,"column":4},"end":{"line":20,"column":68}},{"start":{},"end":{}}],"line":20}},"s":{"0":2,"1":2,"2":2,"3":2,"4":2,"5":2,"6":2,"7":2,"8":2,"9":0,"10":0,"11":2,"12":0,"13":0,"14":0,"15":0,"16":0,"17":0,"18":0,"19":0,"20":0,"21":0,"22":0,"23":0,"24":0,"25":0,"26":2},"f":{"0":0,"1":0},"b":{"0":[0,0],"1":[0,0],"2":[0,0]},"_coverageSchema":"1a1c01bbd47fc00a2c39e90264f33305004495a9","hash":"70b8fcdb83263d36d9fccf8046d24399dcdfa90b"}
,"C:\\Users\\Yousef AL-Korashy\\Desktop\\projects\\vidly\\route\\Users.js": {"path":"C:\\Users\\Yousef AL-Korashy\\Desktop\\projects\\vidly\\route\\Users.js","statementMap":{"0":{"start":{"line":1,"column":15},"end":{"line":1,"column":32}},"1":{"start":{"line":2,"column":10},"end":{"line":2,"column":27}},"2":{"start":{"line":3,"column":33},"end":{"line":3,"column":57}},"3":{"start":{"line":4,"column":16},"end":{"line":4,"column":34}},"4":{"start":{"line":5,"column":30},"end":{"line":5,"column":49}},"5":{"start":{"line":6,"column":13},"end":{"line":6,"column":41}},"6":{"start":{"line":7,"column":15},"end":{"line":7,"column":31}},"7":{"start":{"line":10,"column":0},"end":{"line":13,"column":2}},"8":{"start":{"line":11,"column":15},"end":{"line":11,"column":68}},"9":{"start":{"line":12,"column":3},"end":{"line":12,"column":17}},"10":{"start":{"line":15,"column":0},"end":{"line":28,"column":2}},"11":{"start":{"line":16,"column":21},"end":{"line":16,"column":46}},"12":{"start":{"line":17,"column":3},"end":{"line":17,"column":67}},"13":{"start":{"line":17,"column":14},"end":{"line":17,"column":67}},"14":{"start":{"line":18,"column":14},"end":{"line":18,"column":59}},"15":{"start":{"line":20,"column":3},"end":{"line":20,"column":67}},"16":{"start":{"line":20,"column":13},"end":{"line":20,"column":67}},"17":{"start":{"line":21,"column":3},"end":{"line":21,"column":68}},"18":{"start":{"line":22,"column":17},"end":{"line":22,"column":41}},"19":{"start":{"line":23,"column":3},"end":{"line":23,"column":62}},"20":{"start":{"line":24,"column":3},"end":{"line":24,"column":20}},"21":{"start":{"line":25,"column":16},"end":{"line":25,"column":40}},"22":{"start":{"line":26,"column":3},"end":{"line":26,"column":78}},"23":{"start":{"line":30,"column":0},"end":{"line":30,"column":23}}},"fnMap":{"0":{"name":"(anonymous_0)","decl":{"start":{"line":10,"column":22},"end":{"line":10,"column":23}},"loc":{"start":{"line":10,"column":38},"end":{"line":13,"column":1}},"line":10},"1":{"name":"(anonymous_1)","decl":{"start":{"line":15,"column":17},"end":{"line":15,"column":18}},"loc":{"start":{"line":15,"column":37},"end":{"line":28,"column":1}},"line":15}},"branchMap":{"0":{"loc":{"start":{"line":17,"column":3},"end":{"line":17,"column":67}},"type":"if","locations":[{"start":{"line":17,"column":3},"end":{"line":17,"column":67}},{"start":{},"end":{}}],"line":17},"1":{"loc":{"start":{"line":20,"column":3},"end":{"line":20,"column":67}},"type":"if","locations":[{"start":{"line":20,"column":3},"end":{"line":20,"column":67}},{"start":{},"end":{}}],"line":20}},"s":{"0":2,"1":2,"2":2,"3":2,"4":2,"5":2,"6":2,"7":2,"8":0,"9":0,"10":2,"11":0,"12":0,"13":0,"14":0,"15":0,"16":0,"17":0,"18":0,"19":0,"20":0,"21":0,"22":0,"23":2},"f":{"0":0,"1":0},"b":{"0":[0,0],"1":[0,0]},"_coverageSchema":"1a1c01bbd47fc00a2c39e90264f33305004495a9","hash":"d73bd29c7a8d76ecfb2880c1362a864aec874a6a"}
,"C:\\Users\\Yousef AL-Korashy\\Desktop\\projects\\vidly\\route\\returns.js": {"path":"C:\\Users\\Yousef AL-Korashy\\Desktop\\projects\\vidly\\route\\returns.js","statementMap":{"0":{"start":{"line":1,"column":12},"end":{"line":1,"column":32}},"1":{"start":{"line":2,"column":0},"end":{"line":2,"column":43}},"2":{"start":{"line":3,"column":17},"end":{"line":3,"column":49}},"3":{"start":{"line":4,"column":16},"end":{"line":4,"column":34}},"4":{"start":{"line":5,"column":15},"end":{"line":5,"column":31}},"5":{"start":{"line":6,"column":19},"end":{"line":6,"column":52}},"6":{"start":{"line":7,"column":13},"end":{"line":7,"column":41}},"7":{"start":{"line":8,"column":18},"end":{"line":8,"column":43}},"8":{"start":{"line":9,"column":19},"end":{"line":9,"column":51}},"9":{"start":{"line":14,"column":0},"end":{"line":26,"column":2}},"10":{"start":{"line":16,"column":19},"end":{"line":16,"column":77}},"11":{"start":{"line":17,"column":4},"end":{"line":17,"column":63}},"12":{"start":{"line":17,"column":17},"end":{"line":17,"column":63}},"13":{"start":{"line":18,"column":4},"end":{"line":18,"column":84}},"14":{"start":{"line":18,"column":29},"end":{"line":18,"column":84}},"15":{"start":{"line":19,"column":4},"end":{"line":19,"column":19}},"16":{"start":{"line":20,"column":4},"end":{"line":20,"column":23}},"17":{"start":{"line":21,"column":4},"end":{"line":23,"column":6}},"18":{"start":{"line":24,"column":4},"end":{"line":24,"column":27}},"19":{"start":{"line":28,"column":19},"end":{"line":33,"column":5}},"20":{"start":{"line":34,"column":4},"end":{"line":34,"column":36}},"21":{"start":{"line":36,"column":0},"end":{"line":36,"column":23}}},"fnMap":{"0":{"name":"(anonymous_0)","decl":{"start":{"line":14,"column":51},"end":{"line":14,"column":52}},"loc":{"start":{"line":14,"column":71},"end":{"line":26,"column":1}},"line":14},"1":{"name":"validateReturn","decl":{"start":{"line":27,"column":9},"end":{"line":27,"column":23}},"loc":{"start":{"line":27,"column":29},"end":{"line":35,"column":1}},"line":27}},"branchMap":{"0":{"loc":{"start":{"line":17,"column":4},"end":{"line":17,"column":63}},"type":"if","locations":[{"start":{"line":17,"column":4},"end":{"line":17,"column":63}},{"start":{},"end":{}}],"line":17},"1":{"loc":{"start":{"line":18,"column":4},"end":{"line":18,"column":84}},"type":"if","locations":[{"start":{"line":18,"column":4},"end":{"line":18,"column":84}},{"start":{},"end":{}}],"line":18}},"s":{"0":2,"1":2,"2":2,"3":2,"4":2,"5":2,"6":2,"7":2,"8":2,"9":2,"10":7,"11":7,"12":1,"13":6,"14":1,"15":5,"16":5,"17":5,"18":5,"19":9,"20":9,"21":2},"f":{"0":7,"1":9},"b":{"0":[1,6],"1":[1,5]},"_coverageSchema":"1a1c01bbd47fc00a2c39e90264f33305004495a9","hash":"ad210a04578db627dc50b68a67230da5838e0975"}
,"C:\\Users\\Yousef AL-Korashy\\Desktop\\projects\\vidly\\route\\models\\auth.js": {"path":"C:\\Users\\Yousef AL-Korashy\\Desktop\\projects\\vidly\\route\\models\\auth.js","statementMap":{"0":{"start":{"line":1,"column":16},"end":{"line":1,"column":48}},"1":{"start":{"line":2,"column":15},"end":{"line":2,"column":32}},"2":{"start":{"line":3,"column":12},"end":{"line":3,"column":35}},"3":{"start":{"line":4,"column":10},"end":{"line":4,"column":27}},"4":{"start":{"line":5,"column":17},"end":{"line":5,"column":42}},"5":{"start":{"line":6,"column":12},"end":{"line":6,"column":26}},"6":{"start":{"line":7,"column":15},"end":{"line":7,"column":32}},"7":{"start":{"line":8,"column":16},"end":{"line":8,"column":34}},"8":{"start":{"line":9,"column":26},"end":{"line":9,"column":66}},"9":{"start":{"line":10,"column":18},"end":{"line":10,"column":32}},"10":{"start":{"line":11,"column":15},"end":{"line":11,"column":31}},"11":{"start":{"line":14,"column":0},"end":{"line":26,"column":2}},"12":{"start":{"line":15,"column":22},"end":{"line":15,"column":44}},"13":{"start":{"line":16,"column":4},"end":{"line":16,"column":68}},"14":{"start":{"line":16,"column":15},"end":{"line":16,"column":68}},"15":{"start":{"line":18,"column":15},"end":{"line":18,"column":60}},"16":{"start":{"line":19,"column":4},"end":{"line":19,"column":58}},"17":{"start":{"line":19,"column":15},"end":{"line":19,"column":58}},"18":{"start":{"line":21,"column":18},"end":{"line":21,"column":72}},"19":{"start":{"line":22,"column":4},"end":{"line":22,"column":63}},"20":{"start":{"line":22,"column":16},"end":{"line":22,"column":63}},"21":{"start":{"line":24,"column":17},"end":{"line":24,"column":41}},"22":{"start":{"line":25,"column":4},"end":{"line":25,"column":19}},"23":{"start":{"line":30,"column":19},"end":{"line":37,"column":5}},"24":{"start":{"line":38,"column":4},"end":{"line":38,"column":36}},"25":{"start":{"line":40,"column":0},"end":{"line":40,"column":23}}},"fnMap":{"0":{"name":"(anonymous_0)","decl":{"start":{"line":14,"column":17},"end":{"line":14,"column":18}},"loc":{"start":{"line":14,"column":37},"end":{"line":26,"column":1}},"line":14},"1":{"name":"validateAuth","decl":{"start":{"line":29,"column":9},"end":{"line":29,"column":21}},"loc":{"start":{"line":29,"column":27},"end":{"line":39,"column":1}},"line":29}},"branchMap":{"0":{"loc":{"start":{"line":16,"column":4},"end":{"line":16,"column":68}},"type":"if","locations":[{"start":{"line":16,"column":4},"end":{"line":16,"column":68}},{"start":{},"end":{}}],"line":16},"1":{"loc":{"start":{"line":19,"column":4},"end":{"line":19,"column":58}},"type":"if","locations":[{"start":{"line":19,"column":4},"end":{"line":19,"column":58}},{"start":{},"end":{}}],"line":19},"2":{"loc":{"start":{"line":22,"column":4},"end":{"line":22,"column":63}},"type":"if","locations":[{"start":{"line":22,"column":4},"end":{"line":22,"column":63}},{"start":{},"end":{}}],"line":22}},"s":{"0":2,"1":2,"2":2,"3":2,"4":2,"5":2,"6":2,"7":2,"8":2,"9":2,"10":2,"11":2,"12":0,"13":0,"14":0,"15":0,"16":0,"17":0,"18":0,"19":0,"20":0,"21":0,"22":0,"23":0,"24":0,"25":2},"f":{"0":0,"1":0},"b":{"0":[0,0],"1":[0,0],"2":[0,0]},"_coverageSchema":"1a1c01bbd47fc00a2c39e90264f33305004495a9","hash":"4d6e5ee5c5f39010dc93ad17952d5c1602d22136"}
,"C:\\Users\\Yousef AL-Korashy\\Desktop\\projects\\vidly\\route\\models\\customer.js": {"path":"C:\\Users\\Yousef AL-Korashy\\Desktop\\projects\\vidly\\route\\models\\customer.js","statementMap":{"0":{"start":{"line":1,"column":17},"end":{"line":1,"column":36}},"1":{"start":{"line":2,"column":12},"end":{"line":2,"column":26}},"2":{"start":{"line":3,"column":17},"end":{"line":19,"column":3}},"3":{"start":{"line":21,"column":19},"end":{"line":27,"column":5}},"4":{"start":{"line":28,"column":4},"end":{"line":28,"column":41}},"5":{"start":{"line":30,"column":0},"end":{"line":30,"column":27}},"6":{"start":{"line":31,"column":0},"end":{"line":31,"column":35}}},"fnMap":{"0":{"name":"validationCu","decl":{"start":{"line":20,"column":9},"end":{"line":20,"column":21}},"loc":{"start":{"line":20,"column":32},"end":{"line":29,"column":1}},"line":20}},"branchMap":{},"s":{"0":2,"1":2,"2":2,"3":0,"4":0,"5":2,"6":2},"f":{"0":0},"b":{},"_coverageSchema":"1a1c01bbd47fc00a2c39e90264f33305004495a9","hash":"6cc5ee9b630c161cb47fed7e5df4e887c4981293"}
,"C:\\Users\\Yousef AL-Korashy\\Desktop\\projects\\vidly\\route\\models\\gener.js": {"path":"C:\\Users\\Yousef AL-Korashy\\Desktop\\projects\\vidly\\route\\models\\gener.js","statementMap":{"0":{"start":{"line":1,"column":11},"end":{"line":1,"column":34}},"1":{"start":{"line":2,"column":15},"end":{"line":2,"column":32}},"2":{"start":{"line":3,"column":10},"end":{"line":3,"column":27}},"3":{"start":{"line":4,"column":17},"end":{"line":4,"column":36}},"4":{"start":{"line":5,"column":12},"end":{"line":5,"column":26}},"5":{"start":{"line":6,"column":20},"end":{"line":14,"column":2}},"6":{"start":{"line":15,"column":0},"end":{"line":19,"column":1}},"7":{"start":{"line":16,"column":18},"end":{"line":16,"column":70}},"8":{"start":{"line":17,"column":4},"end":{"line":17,"column":16}},"9":{"start":{"line":20,"column":14},"end":{"line":20,"column":50}},"10":{"start":{"line":22,"column":19},"end":{"line":26,"column":5}},"11":{"start":{"line":27,"column":4},"end":{"line":27,"column":38}},"12":{"start":{"line":29,"column":0},"end":{"line":29,"column":22}},"13":{"start":{"line":30,"column":0},"end":{"line":30,"column":33}},"14":{"start":{"line":31,"column":0},"end":{"line":31,"column":44}}},"fnMap":{"0":{"name":"(anonymous_0)","decl":{"start":{"line":15,"column":40},"end":{"line":15,"column":41}},"loc":{"start":{"line":15,"column":50},"end":{"line":19,"column":1}},"line":15},"1":{"name":"valiadationGener","decl":{"start":{"line":21,"column":9},"end":{"line":21,"column":25}},"loc":{"start":{"line":21,"column":33},"end":{"line":28,"column":1}},"line":21}},"branchMap":{},"s":{"0":2,"1":2,"2":2,"3":2,"4":2,"5":2,"6":2,"7":2,"8":2,"9":2,"10":4,"11":4,"12":2,"13":2,"14":2},"f":{"0":2,"1":4},"b":{},"_coverageSchema":"1a1c01bbd47fc00a2c39e90264f33305004495a9","hash":"edf07d42dff3b297efd8351fd4dc4e18036618ab"}
,"C:\\Users\\Yousef AL-Korashy\\Desktop\\projects\\vidly\\route\\models\\movie.js": {"path":"C:\\Users\\Yousef AL-Korashy\\Desktop\\projects\\vidly\\route\\models\\movie.js","statementMap":{"0":{"start":{"line":1,"column":12},"end":{"line":1,"column":26}},"1":{"start":{"line":2,"column":17},"end":{"line":2,"column":36}},"2":{"start":{"line":3,"column":24},"end":{"line":3,"column":42}},"3":{"start":{"line":4,"column":14},"end":{"line":30,"column":3}},"4":{"start":{"line":32,"column":19},"end":{"line":40,"column":5}},"5":{"start":{"line":41,"column":4},"end":{"line":41,"column":38}},"6":{"start":{"line":43,"column":0},"end":{"line":43,"column":21}},"7":{"start":{"line":44,"column":0},"end":{"line":44,"column":37}}},"fnMap":{"0":{"name":"validateMovie","decl":{"start":{"line":31,"column":15},"end":{"line":31,"column":28}},"loc":{"start":{"line":31,"column":36},"end":{"line":42,"column":1}},"line":31}},"branchMap":{},"s":{"0":2,"1":2,"2":2,"3":2,"4":0,"5":0,"6":2,"7":2},"f":{"0":0},"b":{},"_coverageSchema":"1a1c01bbd47fc00a2c39e90264f33305004495a9","hash":"3fa6bce8135c8f43aeece23b3c32a6c1ced710ff"}
,"C:\\Users\\Yousef AL-Korashy\\Desktop\\projects\\vidly\\route\\models\\rental.js": {"path":"C:\\Users\\Yousef AL-Korashy\\Desktop\\projects\\vidly\\route\\models\\rental.js","statementMap":{"0":{"start":{"line":1,"column":12},"end":{"line":1,"column":26}},"1":{"start":{"line":2,"column":15},"end":{"line":2,"column":32}},"2":{"start":{"line":3,"column":17},"end":{"line":3,"column":36}},"3":{"start":{"line":4,"column":21},"end":{"line":55,"column":2}},"4":{"start":{"line":56,"column":0},"end":{"line":61,"column":1}},"5":{"start":{"line":57,"column":4},"end":{"line":60,"column":6}},"6":{"start":{"line":62,"column":0},"end":{"line":67,"column":1}},"7":{"start":{"line":63,"column":4},"end":{"line":63,"column":34}},"8":{"start":{"line":65,"column":23},"end":{"line":65,"column":57}},"9":{"start":{"line":66,"column":4},"end":{"line":66,"column":60}},"10":{"start":{"line":68,"column":15},"end":{"line":68,"column":53}},"11":{"start":{"line":70,"column":4},"end":{"line":77,"column":5}},"12":{"start":{"line":78,"column":4},"end":{"line":78,"column":40}},"13":{"start":{"line":80,"column":0},"end":{"line":80,"column":23}},"14":{"start":{"line":81,"column":0},"end":{"line":81,"column":39}}},"fnMap":{"0":{"name":"(anonymous_0)","decl":{"start":{"line":56,"column":30},"end":{"line":56,"column":31}},"loc":{"start":{"line":56,"column":61},"end":{"line":61,"column":1}},"line":56},"1":{"name":"(anonymous_1)","decl":{"start":{"line":62,"column":30},"end":{"line":62,"column":31}},"loc":{"start":{"line":62,"column":40},"end":{"line":67,"column":1}},"line":62},"2":{"name":"validateRental","decl":{"start":{"line":69,"column":9},"end":{"line":69,"column":23}},"loc":{"start":{"line":69,"column":33},"end":{"line":79,"column":1}},"line":69}},"branchMap":{},"s":{"0":2,"1":2,"2":2,"3":2,"4":2,"5":7,"6":2,"7":5,"8":5,"9":5,"10":2,"11":0,"12":0,"13":2,"14":2},"f":{"0":7,"1":5,"2":0},"b":{},"_coverageSchema":"1a1c01bbd47fc00a2c39e90264f33305004495a9","hash":"2c6110e8970ed244ce0b5df434517957c783d0c8"}
,"C:\\Users\\Yousef AL-Korashy\\Desktop\\projects\\vidly\\route\\models\\user.js": {"path":"C:\\Users\\Yousef AL-Korashy\\Desktop\\projects\\vidly\\route\\models\\user.js","statementMap":{"0":{"start":{"line":1,"column":12},"end":{"line":1,"column":35}},"1":{"start":{"line":2,"column":14},"end":{"line":2,"column":31}},"2":{"start":{"line":3,"column":17},"end":{"line":3,"column":36}},"3":{"start":{"line":4,"column":12},"end":{"line":4,"column":26}},"4":{"start":{"line":5,"column":19},"end":{"line":29,"column":2}},"5":{"start":{"line":30,"column":0},"end":{"line":34,"column":1}},"6":{"start":{"line":31,"column":18},"end":{"line":31,"column":91}},"7":{"start":{"line":32,"column":4},"end":{"line":32,"column":16}},"8":{"start":{"line":35,"column":13},"end":{"line":35,"column":47}},"9":{"start":{"line":39,"column":19},"end":{"line":45,"column":5}},"10":{"start":{"line":46,"column":4},"end":{"line":46,"column":37}},"11":{"start":{"line":48,"column":0},"end":{"line":48,"column":20}},"12":{"start":{"line":49,"column":0},"end":{"line":49,"column":42}}},"fnMap":{"0":{"name":"(anonymous_0)","decl":{"start":{"line":30,"column":39},"end":{"line":30,"column":40}},"loc":{"start":{"line":30,"column":49},"end":{"line":34,"column":1}},"line":30},"1":{"name":"valiadationUser","decl":{"start":{"line":38,"column":9},"end":{"line":38,"column":24}},"loc":{"start":{"line":38,"column":31},"end":{"line":47,"column":1}},"line":38}},"branchMap":{},"s":{"0":4,"1":4,"2":4,"3":4,"4":4,"5":4,"6":18,"7":18,"8":4,"9":0,"10":0,"11":4,"12":4},"f":{"0":18,"1":0},"b":{},"_coverageSchema":"1a1c01bbd47fc00a2c39e90264f33305004495a9","hash":"997315c36ed93fc7fc5b322d625d7e41e308f0c7"}
,"C:\\Users\\Yousef AL-Korashy\\Desktop\\projects\\vidly\\startUp\\config.js": {"path":"C:\\Users\\Yousef AL-Korashy\\Desktop\\projects\\vidly\\startUp\\config.js","statementMap":{"0":{"start":{"line":1,"column":15},"end":{"line":1,"column":32}},"1":{"start":{"line":3,"column":0},"end":{"line":9,"column":1}},"2":{"start":{"line":5,"column":4},"end":{"line":8,"column":5}},"3":{"start":{"line":6,"column":8},"end":{"line":6,"column":57}}},"fnMap":{"0":{"name":"(anonymous_0)","decl":{"start":{"line":3,"column":17},"end":{"line":3,"column":18}},"loc":{"start":{"line":3,"column":29},"end":{"line":9,"column":1}},"line":3}},"branchMap":{"0":{"loc":{"start":{"line":5,"column":4},"end":{"line":8,"column":5}},"type":"if","locations":[{"start":{"line":5,"column":4},"end":{"line":8,"column":5}},{"start":{},"end":{}}],"line":5}},"s":{"0":2,"1":2,"2":2,"3":0},"f":{"0":2},"b":{"0":[0,2]},"_coverageSchema":"1a1c01bbd47fc00a2c39e90264f33305004495a9","hash":"e464c11e30932339caacf1996dfcf77cafc733f7"}
,"C:\\Users\\Yousef AL-Korashy\\Desktop\\projects\\vidly\\startUp\\db.js": {"path":"C:\\Users\\Yousef AL-Korashy\\Desktop\\projects\\vidly\\startUp\\db.js","statementMap":{"0":{"start":{"line":1,"column":17},"end":{"line":1,"column":36}},"1":{"start":{"line":2,"column":15},"end":{"line":2,"column":34}},"2":{"start":{"line":3,"column":15},"end":{"line":3,"column":32}},"3":{"start":{"line":5,"column":0},"end":{"line":9,"column":1}},"4":{"start":{"line":6,"column":15},"end":{"line":6,"column":31}},"5":{"start":{"line":7,"column":0},"end":{"line":8,"column":54}},"6":{"start":{"line":8,"column":14},"end":{"line":8,"column":51}}},"fnMap":{"0":{"name":"(anonymous_0)","decl":{"start":{"line":5,"column":16},"end":{"line":5,"column":17}},"loc":{"start":{"line":5,"column":26},"end":{"line":9,"column":1}},"line":5},"1":{"name":"(anonymous_1)","decl":{"start":{"line":8,"column":6},"end":{"line":8,"column":7}},"loc":{"start":{"line":8,"column":12},"end":{"line":8,"column":53}},"line":8}},"branchMap":{},"s":{"0":2,"1":2,"2":2,"3":2,"4":2,"5":2,"6":2},"f":{"0":2,"1":2},"b":{},"_coverageSchema":"1a1c01bbd47fc00a2c39e90264f33305004495a9","hash":"7c9944c1311de465efcdce20139edb27611a9c0b"}
,"C:\\Users\\Yousef AL-Korashy\\Desktop\\projects\\vidly\\startUp\\logger.js": {"path":"C:\\Users\\Yousef AL-Korashy\\Desktop\\projects\\vidly\\startUp\\logger.js","statementMap":{"0":{"start":{"line":1,"column":16},"end":{"line":1,"column":34}},"1":{"start":{"line":4,"column":15},"end":{"line":7,"column":2}},"2":{"start":{"line":10,"column":0},"end":{"line":10,"column":24}}},"fnMap":{},"branchMap":{},"s":{"0":2,"1":2,"2":2},"f":{},"b":{},"_coverageSchema":"1a1c01bbd47fc00a2c39e90264f33305004495a9","hash":"0b3a536b38f9de7d3fe13c33992e21e96abc6828"}
,"C:\\Users\\Yousef AL-Korashy\\Desktop\\projects\\vidly\\startUp\\logging.js": {"path":"C:\\Users\\Yousef AL-Korashy\\Desktop\\projects\\vidly\\startUp\\logging.js","statementMap":{"0":{"start":{"line":2,"column":16},"end":{"line":2,"column":34}},"1":{"start":{"line":4,"column":0},"end":{"line":4,"column":31}},"2":{"start":{"line":7,"column":0},"end":{"line":20,"column":1}},"3":{"start":{"line":9,"column":4},"end":{"line":10,"column":75}},"4":{"start":{"line":12,"column":4},"end":{"line":14,"column":6}},"5":{"start":{"line":13,"column":8},"end":{"line":13,"column":16}},"6":{"start":{"line":15,"column":4},"end":{"line":15,"column":89}}},"fnMap":{"0":{"name":"(anonymous_0)","decl":{"start":{"line":7,"column":17},"end":{"line":7,"column":18}},"loc":{"start":{"line":7,"column":29},"end":{"line":20,"column":1}},"line":7},"1":{"name":"(anonymous_1)","decl":{"start":{"line":12,"column":36},"end":{"line":12,"column":37}},"loc":{"start":{"line":12,"column":44},"end":{"line":14,"column":5}},"line":12}},"branchMap":{},"s":{"0":2,"1":2,"2":2,"3":2,"4":2,"5":0,"6":2},"f":{"0":2,"1":0},"b":{},"_coverageSchema":"1a1c01bbd47fc00a2c39e90264f33305004495a9","hash":"e184a0928857aa1d59fda6252a669f484cbc0aa0"}
,"C:\\Users\\Yousef AL-Korashy\\Desktop\\projects\\vidly\\startUp\\routes.js": {"path":"C:\\Users\\Yousef AL-Korashy\\Desktop\\projects\\vidly\\startUp\\routes.js","statementMap":{"0":{"start":{"line":1,"column":16},"end":{"line":1,"column":34}},"1":{"start":{"line":2,"column":14},"end":{"line":2,"column":43}},"2":{"start":{"line":3,"column":16},"end":{"line":3,"column":41}},"3":{"start":{"line":4,"column":15},"end":{"line":4,"column":41}},"4":{"start":{"line":5,"column":18},"end":{"line":5,"column":46}},"5":{"start":{"line":6,"column":16},"end":{"line":6,"column":43}},"6":{"start":{"line":7,"column":14},"end":{"line":7,"column":39}},"7":{"start":{"line":8,"column":13},"end":{"line":8,"column":44}},"8":{"start":{"line":9,"column":16},"end":{"line":9,"column":43}},"9":{"start":{"line":10,"column":0},"end":{"line":20,"column":1}},"10":{"start":{"line":11,"column":4},"end":{"line":11,"column":27}},"11":{"start":{"line":12,"column":4},"end":{"line":12,"column":32}},"12":{"start":{"line":13,"column":4},"end":{"line":13,"column":36}},"13":{"start":{"line":14,"column":4},"end":{"line":14,"column":40}},"14":{"start":{"line":15,"column":4},"end":{"line":15,"column":34}},"15":{"start":{"line":16,"column":4},"end":{"line":16,"column":36}},"16":{"start":{"line":17,"column":4},"end":{"line":17,"column":30}},"17":{"start":{"line":18,"column":4},"end":{"line":18,"column":35}},"18":{"start":{"line":19,"column":4},"end":{"line":19,"column":18}}},"fnMap":{"0":{"name":"(anonymous_0)","decl":{"start":{"line":10,"column":17},"end":{"line":10,"column":18}},"loc":{"start":{"line":10,"column":32},"end":{"line":20,"column":1}},"line":10}},"branchMap":{},"s":{"0":2,"1":2,"2":2,"3":2,"4":2,"5":2,"6":2,"7":2,"8":2,"9":2,"10":2,"11":2,"12":2,"13":2,"14":2,"15":2,"16":2,"17":2,"18":2},"f":{"0":2},"b":{},"_coverageSchema":"1a1c01bbd47fc00a2c39e90264f33305004495a9","hash":"bbee77ef9bdd2a332ee57ebc0a7d9149da1d2664"}
,"C:\\Users\\Yousef AL-Korashy\\Desktop\\projects\\vidly\\startUp\\validation.js": {"path":"C:\\Users\\Yousef AL-Korashy\\Desktop\\projects\\vidly\\startUp\\validation.js","statementMap":{"0":{"start":{"line":1,"column":12},"end":{"line":1,"column":26}},"1":{"start":{"line":3,"column":0},"end":{"line":6,"column":1}},"2":{"start":{"line":4,"column":4},"end":{"line":4,"column":47}}},"fnMap":{"0":{"name":"(anonymous_0)","decl":{"start":{"line":3,"column":16},"end":{"line":3,"column":17}},"loc":{"start":{"line":3,"column":26},"end":{"line":6,"column":1}},"line":3}},"branchMap":{},"s":{"0":2,"1":2,"2":2},"f":{"0":2},"b":{},"_coverageSchema":"1a1c01bbd47fc00a2c39e90264f33305004495a9","hash":"d0f20451edb47d54e6acc92dafdc9e375370658f"}
}
