TN:
SF:index.js
FN:15,(anonymous_0)
FNF:1
FNH:0
FNDA:0,(anonymous_0)
DA:1,2
DA:2,2
DA:3,2
DA:4,2
DA:8,2
DA:9,2
DA:10,2
DA:11,2
DA:12,2
DA:13,2
DA:15,2
DA:16,2
LF:12
LH:12
BRF:0
BRH:0
end_of_record
TN:
SF:midleware\admin.js
FN:1,(anonymous_0)
FNF:1
FNH:0
FNDA:0,(anonymous_0)
DA:1,2
DA:2,0
DA:3,0
LF:3
LH:1
BRDA:2,0,0,0
BRDA:2,0,1,0
BRF:2
BRH:0
end_of_record
TN:
SF:midleware\auth.js
FN:3,auth
FNF:1
FNH:1
FNDA:16,auth
DA:1,3
DA:2,3
DA:3,3
DA:4,16
DA:5,16
DA:6,14
DA:8,14
DA:9,14
DA:10,14
DA:13,0
LF:10
LH:9
BRDA:5,0,0,2
BRDA:5,0,1,14
BRF:2
BRH:2
end_of_record
TN:
SF:midleware\error.js
FN:3,(anonymous_0)
FNF:1
FNH:0
FNDA:0,(anonymous_0)
DA:1,2
DA:3,2
DA:4,0
DA:5,0
LF:4
LH:2
BRF:0
BRH:0
end_of_record
TN:
SF:midleware\validate.js
FN:1,(anonymous_0)
FN:2,(anonymous_1)
FNF:2
FNH:2
FNDA:2,(anonymous_0)
FNDA:9,(anonymous_1)
DA:1,2
DA:2,2
DA:3,9
DA:4,9
DA:5,7
LF:5
LH:5
BRDA:4,0,0,2
BRDA:4,0,1,7
BRF:2
BRH:2
end_of_record
TN:
SF:midleware\validateObjectId.js
FN:2,(anonymous_0)
FNF:1
FNH:1
FNDA:1,(anonymous_0)
DA:1,2
DA:2,2
DA:4,1
DA:5,1
DA:6,0
LF:5
LH:4
BRDA:4,0,0,1
BRDA:4,0,1,0
BRF:2
BRH:1
end_of_record
TN:
SF:route\Customer.js
FN:4,(anonymous_0)
FN:8,(anonymous_1)
FN:21,(anonymous_2)
FN:30,(anonymous_3)
FN:36,(anonymous_4)
FNF:5
FNH:0
FNDA:0,(anonymous_0)
FNDA:0,(anonymous_1)
FNDA:0,(anonymous_2)
FNDA:0,(anonymous_3)
FNDA:0,(anonymous_4)
DA:1,2
DA:2,2
DA:3,2
DA:4,2
DA:5,0
DA:6,0
DA:8,2
DA:9,0
DA:10,0
DA:11,0
DA:13,0
DA:18,0
DA:19,0
DA:21,2
DA:22,0
DA:23,0
DA:24,0
DA:26,0
DA:27,0
DA:28,0
DA:30,2
DA:31,0
DA:32,0
DA:33,0
DA:36,2
DA:37,0
DA:38,0
DA:39,0
DA:41,2
LF:29
LH:9
BRDA:10,0,0,0
BRDA:10,0,1,0
BRDA:23,1,0,0
BRDA:23,1,1,0
BRDA:27,2,0,0
BRDA:27,2,1,0
BRDA:32,3,0,0
BRDA:32,3,1,0
BRDA:38,4,0,0
BRDA:38,4,1,0
BRF:10
BRH:0
end_of_record
TN:
SF:route\Gener.js
FN:9,(anonymous_0)
FN:17,(anonymous_1)
FN:27,(anonymous_2)
FN:39,(anonymous_3)
FN:44,(anonymous_4)
FNF:5
FNH:2
FNDA:1,(anonymous_0)
FNDA:4,(anonymous_1)
FNDA:0,(anonymous_2)
FNDA:0,(anonymous_3)
FNDA:0,(anonymous_4)
DA:1,2
DA:2,2
DA:3,2
DA:4,2
DA:5,2
DA:6,2
DA:7,2
DA:8,2
DA:9,2
DA:11,1
DA:12,1
DA:13,1
DA:17,2
DA:18,4
DA:19,4
DA:21,2
DA:22,2
DA:23,2
DA:24,2
DA:27,2
DA:28,0
DA:29,0
DA:30,0
DA:32,0
DA:36,0
DA:37,0
DA:39,2
DA:40,0
DA:41,0
DA:42,0
DA:44,2
DA:46,0
DA:47,0
DA:48,0
DA:50,2
LF:35
LH:23
BRDA:12,0,0,0
BRDA:12,0,1,1
BRDA:19,1,0,2
BRDA:19,1,1,2
BRDA:29,2,0,0
BRDA:29,2,1,0
BRDA:36,3,0,0
BRDA:36,3,1,0
BRDA:41,4,0,0
BRDA:41,4,1,0
BRDA:47,5,0,0
BRDA:47,5,1,0
BRF:12
BRH:3
end_of_record
TN:
SF:route\Movies.js
FN:5,(anonymous_0)
FN:9,(anonymous_1)
FN:27,(anonymous_2)
FN:34,(anonymous_3)
FN:40,(anonymous_4)
FNF:5
FNH:0
FNDA:0,(anonymous_0)
FNDA:0,(anonymous_1)
FNDA:0,(anonymous_2)
FNDA:0,(anonymous_3)
FNDA:0,(anonymous_4)
DA:1,2
DA:2,2
DA:3,2
DA:4,2
DA:5,2
DA:6,0
DA:7,0
DA:9,2
DA:10,0
DA:11,0
DA:12,0
DA:13,0
DA:14,0
DA:23,0
DA:24,0
DA:27,2
DA:28,0
DA:29,0
DA:30,0
DA:31,0
DA:32,0
DA:34,2
DA:35,0
DA:36,0
DA:37,0
DA:40,2
DA:41,0
DA:42,0
DA:43,0
DA:45,2
LF:30
LH:10
BRDA:11,0,0,0
BRDA:11,0,1,0
BRDA:13,1,0,0
BRDA:13,1,1,0
BRDA:29,2,0,0
BRDA:29,2,1,0
BRDA:31,3,0,0
BRDA:31,3,1,0
BRDA:36,4,0,0
BRDA:36,4,1,0
BRDA:42,5,0,0
BRDA:42,5,1,0
BRF:12
BRH:0
end_of_record
TN:
SF:route\Rentals.js
FN:10,(anonymous_0)
FN:14,(anonymous_1)
FNF:2
FNH:0
FNDA:0,(anonymous_0)
FNDA:0,(anonymous_1)
DA:1,2
DA:2,2
DA:3,2
DA:4,2
DA:5,2
DA:6,2
DA:8,2
DA:9,2
DA:10,2
DA:11,0
DA:12,0
DA:14,2
DA:15,0
DA:16,0
DA:17,0
DA:18,0
DA:19,0
DA:20,0
DA:21,0
DA:33,0
DA:34,0
DA:41,0
DA:43,0
DA:46,2
LF:24
LH:11
BRDA:16,0,0,0
BRDA:16,0,1,0
BRDA:18,1,0,0
BRDA:18,1,1,0
BRDA:20,2,0,0
BRDA:20,2,1,0
BRF:6
BRH:0
end_of_record
TN:
SF:route\Users.js
FN:10,(anonymous_0)
FN:15,(anonymous_1)
FNF:2
FNH:0
FNDA:0,(anonymous_0)
FNDA:0,(anonymous_1)
DA:1,2
DA:2,2
DA:3,2
DA:4,2
DA:5,2
DA:6,2
DA:7,2
DA:10,2
DA:11,0
DA:12,0
DA:15,2
DA:16,0
DA:17,0
DA:18,0
DA:20,0
DA:21,0
DA:22,0
DA:23,0
DA:24,0
DA:25,0
DA:26,0
DA:30,2
LF:22
LH:10
BRDA:17,0,0,0
BRDA:17,0,1,0
BRDA:20,1,0,0
BRDA:20,1,1,0
BRF:4
BRH:0
end_of_record
TN:
SF:route\returns.js
FN:14,(anonymous_0)
FN:27,validateReturn
FNF:2
FNH:2
FNDA:7,(anonymous_0)
FNDA:9,validateReturn
DA:1,2
DA:2,2
DA:3,2
DA:4,2
DA:5,2
DA:6,2
DA:7,2
DA:8,2
DA:9,2
DA:14,2
DA:16,7
DA:17,7
DA:18,6
DA:19,5
DA:20,5
DA:21,5
DA:24,5
DA:28,9
DA:34,9
DA:36,2
LF:20
LH:20
BRDA:17,0,0,1
BRDA:17,0,1,6
BRDA:18,1,0,1
BRDA:18,1,1,5
BRF:4
BRH:4
end_of_record
TN:
SF:route\models\auth.js
FN:14,(anonymous_0)
FN:29,validateAuth
FNF:2
FNH:0
FNDA:0,(anonymous_0)
FNDA:0,validateAuth
DA:1,2
DA:2,2
DA:3,2
DA:4,2
DA:5,2
DA:6,2
DA:7,2
DA:8,2
DA:9,2
DA:10,2
DA:11,2
DA:14,2
DA:15,0
DA:16,0
DA:18,0
DA:19,0
DA:21,0
DA:22,0
DA:24,0
DA:25,0
DA:30,0
DA:38,0
DA:40,2
LF:23
LH:13
BRDA:16,0,0,0
BRDA:16,0,1,0
BRDA:19,1,0,0
BRDA:19,1,1,0
BRDA:22,2,0,0
BRDA:22,2,1,0
BRF:6
BRH:0
end_of_record
TN:
SF:route\models\customer.js
FN:20,validationCu
FNF:1
FNH:0
FNDA:0,validationCu
DA:1,2
DA:2,2
DA:3,2
DA:21,0
DA:28,0
DA:30,2
DA:31,2
LF:7
LH:5
BRF:0
BRH:0
end_of_record
TN:
SF:route\models\gener.js
FN:15,(anonymous_0)
FN:21,valiadationGener
FNF:2
FNH:2
FNDA:2,(anonymous_0)
FNDA:4,valiadationGener
DA:1,2
DA:2,2
DA:3,2
DA:4,2
DA:5,2
DA:6,2
DA:15,2
DA:16,2
DA:17,2
DA:20,2
DA:22,4
DA:27,4
DA:29,2
DA:30,2
DA:31,2
LF:15
LH:15
BRF:0
BRH:0
end_of_record
TN:
SF:route\models\movie.js
FN:31,validateMovie
FNF:1
FNH:0
FNDA:0,validateMovie
DA:1,2
DA:2,2
DA:3,2
DA:4,2
DA:32,0
DA:41,0
DA:43,2
DA:44,2
LF:8
LH:6
BRF:0
BRH:0
end_of_record
TN:
SF:route\models\rental.js
FN:56,(anonymous_0)
FN:62,(anonymous_1)
FN:69,validateRental
FNF:3
FNH:2
FNDA:7,(anonymous_0)
FNDA:5,(anonymous_1)
FNDA:0,validateRental
DA:1,2
DA:2,2
DA:3,2
DA:4,2
DA:56,2
DA:57,7
DA:62,2
DA:63,5
DA:65,5
DA:66,5
DA:68,2
DA:70,0
DA:78,0
DA:80,2
DA:81,2
LF:15
LH:13
BRF:0
BRH:0
end_of_record
TN:
SF:route\models\user.js
FN:30,(anonymous_0)
FN:38,valiadationUser
FNF:2
FNH:1
FNDA:18,(anonymous_0)
FNDA:0,valiadationUser
DA:1,4
DA:2,4
DA:3,4
DA:4,4
DA:5,4
DA:30,4
DA:31,18
DA:32,18
DA:35,4
DA:39,0
DA:46,0
DA:48,4
DA:49,4
LF:13
LH:11
BRF:0
BRH:0
end_of_record
TN:
SF:startUp\config.js
FN:3,(anonymous_0)
FNF:1
FNH:1
FNDA:2,(anonymous_0)
DA:1,2
DA:3,2
DA:5,2
DA:6,0
LF:4
LH:3
BRDA:5,0,0,0
BRDA:5,0,1,2
BRF:2
BRH:1
end_of_record
TN:
SF:startUp\db.js
FN:5,(anonymous_0)
FN:8,(anonymous_1)
FNF:2
FNH:2
FNDA:2,(anonymous_0)
FNDA:2,(anonymous_1)
DA:1,2
DA:2,2
DA:3,2
DA:5,2
DA:6,2
DA:7,2
DA:8,2
LF:7
LH:7
BRF:0
BRH:0
end_of_record
TN:
SF:startUp\logger.js
FNF:0
FNH:0
DA:1,2
DA:4,2
DA:10,2
LF:3
LH:3
BRF:0
BRH:0
end_of_record
TN:
SF:startUp\logging.js
FN:7,(anonymous_0)
FN:12,(anonymous_1)
FNF:2
FNH:1
FNDA:2,(anonymous_0)
FNDA:0,(anonymous_1)
DA:2,2
DA:4,2
DA:7,2
DA:9,2
DA:12,2
DA:13,0
DA:15,2
LF:7
LH:6
BRF:0
BRH:0
end_of_record
TN:
SF:startUp\routes.js
FN:10,(anonymous_0)
FNF:1
FNH:1
FNDA:2,(anonymous_0)
DA:1,2
DA:2,2
DA:3,2
DA:4,2
DA:5,2
DA:6,2
DA:7,2
DA:8,2
DA:9,2
DA:10,2
DA:11,2
DA:12,2
DA:13,2
DA:14,2
DA:15,2
DA:16,2
DA:17,2
DA:18,2
DA:19,2
LF:19
LH:19
BRF:0
BRH:0
end_of_record
TN:
SF:startUp\validation.js
FN:3,(anonymous_0)
FNF:1
FNH:1
FNDA:2,(anonymous_0)
DA:1,2
DA:3,2
DA:4,2
LF:3
LH:3
BRF:0
BRH:0
end_of_record
